<?xml version="1.0" encoding="UTF-8"?>
<!-- Generated by org.testng.reporters.JUnitReportReporter -->
<testsuite hostname="DESKTOP-ESUEB7A" failures="0" tests="2" name="Test01_GET" time="3.565" errors="0" timestamp="2023-03-16T12:48:06 CET" skipped="0">
  <testcase classname="Test01_GET" name="Test_01" time="3.107"/>
  <system-out/>
  <testcase classname="Test01_GET" name="Test_02" time="0.458"/>
  <system-out/>
</testsuite> <!-- Test01_GET -->
